Using pre-set license
Built from '6000.0/release' branch; Version is '6000.0.25f1 (4859ab7b5a49) revision 4741547'; Using compiler version '193933523'; Build Type 'Release'
OS: 'Windows 10  (10.0.19045) 64bit Core' Language: 'en' Physical Memory: 16236 MB
BatchMode: 1, IsHumanControllingUs: 0, StartBugReporterOnCrash: 0, Is64bit: 1, IsPro: 1

COMMAND LINE ARGUMENTS:
D:\Program Files\Unity\Hub\Editor\6000.0.25f1\Editor\Unity.exe
-adb2
-batchMode
-noUpm
-name
AssetImportWorker3
-projectPath
D:/UnityProjects/FPS_roguelike
-logFile
Logs/AssetImportWorker3.log
-srvPort
50863
-job-worker-count
7
-background-job-worker-count
8
-asset-garbage-collectors
1
Successfully changed project path to: D:/UnityProjects/FPS_roguelike
D:/UnityProjects/FPS_roguelike
[UnityMemory] Configuration Parameters - Can be set up in boot.config
    "memorysetup-bucket-allocator-granularity=16"
    "memorysetup-bucket-allocator-bucket-count=8"
    "memorysetup-bucket-allocator-block-size=33554432"
    "memorysetup-bucket-allocator-block-count=8"
    "memorysetup-main-allocator-block-size=16777216"
    "memorysetup-thread-allocator-block-size=16777216"
    "memorysetup-gfx-main-allocator-block-size=16777216"
    "memorysetup-gfx-thread-allocator-block-size=16777216"
    "memorysetup-cache-allocator-block-size=4194304"
    "memorysetup-typetree-allocator-block-size=2097152"
    "memorysetup-profiler-bucket-allocator-granularity=16"
    "memorysetup-profiler-bucket-allocator-bucket-count=8"
    "memorysetup-profiler-bucket-allocator-block-size=33554432"
    "memorysetup-profiler-bucket-allocator-block-count=8"
    "memorysetup-profiler-allocator-block-size=16777216"
    "memorysetup-profiler-editor-allocator-block-size=1048576"
    "memorysetup-temp-allocator-size-main=16777216"
    "memorysetup-job-temp-allocator-block-size=2097152"
    "memorysetup-job-temp-allocator-block-size-background=1048576"
    "memorysetup-job-temp-allocator-reduction-small-platforms=262144"
    "memorysetup-allocator-temp-initial-block-size-main=262144"
    "memorysetup-allocator-temp-initial-block-size-worker=262144"
    "memorysetup-temp-allocator-size-background-worker=32768"
    "memorysetup-temp-allocator-size-job-worker=262144"
    "memorysetup-temp-allocator-size-preload-manager=33554432"
    "memorysetup-temp-allocator-size-nav-mesh-worker=65536"
    "memorysetup-temp-allocator-size-audio-worker=65536"
    "memorysetup-temp-allocator-size-cloud-worker=32768"
    "memorysetup-temp-allocator-size-gi-baking-worker=262144"
    "memorysetup-temp-allocator-size-gi-baking-worker=262144"
    "memorysetup-temp-allocator-size-gi-baking-worker=262144"
    "memorysetup-temp-allocator-size-gi-baking-worker=262144"
    "memorysetup-temp-allocator-size-gi-baking-worker=262144"
    "memorysetup-temp-allocator-size-gfx=262144"
Player connection [12672]  Target information:

Player connection [12672]  * "[IP] 25.19.220.70 [Port] 0 [Flags] 2 [Guid] 2750120549 [EditorId] 2750120549 [Version] 1048832 [Id] WindowsEditor(7,DESKTOP-V23HVS9) [Debug] 1 [PackageName] WindowsEditor [ProjectName] Editor" 

Player connection [12672]  * "[IP] 192.168.56.1 [Port] 0 [Flags] 2 [Guid] 2750120549 [EditorId] 2750120549 [Version] 1048832 [Id] WindowsEditor(7,DESKTOP-V23HVS9) [Debug] 1 [PackageName] WindowsEditor [ProjectName] Editor" 

Player connection [12672]  * "[IP] 192.168.0.105 [Port] 0 [Flags] 2 [Guid] 2750120549 [EditorId] 2750120549 [Version] 1048832 [Id] WindowsEditor(7,DESKTOP-V23HVS9) [Debug] 1 [PackageName] WindowsEditor [ProjectName] Editor" 

Player connection [12672] Host joined multi-casting on [225.0.0.222:54997]...
Player connection [12672] Host joined alternative multi-casting on [225.0.0.222:34997]...
JobSystem: Creating JobQueue using job-worker-count value 7
Crash!!!
SymInit: Symbol-SearchPath: 'D:/Program Files/Unity/Hub/Editor/6000.0.25f1/Editor/Data/Mono;.;D:\UnityProjects\FPS_roguelike;D:\UnityProjects\FPS_roguelike\Library\BurstCache\JIT;D:\Program Files\Unity\Hub\Editor\6000.0.25f1\Editor;C:\Windows;C:\Windows\system32;', symOptions: 534, UserName: 'Leon'
OS-Version: 10.0.0
D:\Program Files\Unity\Hub\Editor\6000.0.25f1\Editor\Unity.exe:Unity.exe (00007FF683970000), size: 299008 (result: 0), SymType: '-deferred-', PDB: '', fileVersion: 6000.0.25.22955
C:\Windows\SYSTEM32\ntdll.dll:ntdll.dll (00007FFBDA050000), size: 2064384 (result: 0), SymType: '-deferred-', PDB: '', fileVersion: 10.0.19041.5007
C:\Windows\System32\KERNEL32.DLL:KERNEL32.DLL (00007FFBD9700000), size: 794624 (result: 0), SymType: '-deferred-', PDB: '', fileVersion: 10.0.19041.5198
C:\Windows\System32\KERNELBASE.dll:KERNELBASE.dll (00007FFBD76F0000), size: 3137536 (result: 0), SymType: '-deferred-', PDB: '', fileVersion: 10.0.19041.5198
C:\Windows\System32\USER32.dll:USER32.dll (00007FFBD9480000), size: 1691648 (result: 0), SymType: '-deferred-', PDB: '', fileVersion: 10.0.19041.4717
C:\Windows\System32\win32u.dll:win32u.dll (00007FFBD7A80000), size: 139264 (result: 0), SymType: '-deferred-', PDB: '', fileVersion: 10.0.19041.5247
C:\Windows\System32\GDI32.dll:GDI32.dll (00007FFBD8B10000), size: 176128 (result: 0), SymType: '-deferred-', PDB: '', fileVersion: 10.0.19041.4474
C:\Windows\System32\gdi32full.dll:gdi32full.dll (00007FFBD7AE0000), size: 1142784 (result: 0), SymType: '-deferred-', PDB: '', fileVersion: 10.0.19041.4957
C:\Windows\System32\msvcp_win.dll:msvcp_win.dll (00007FFBD7C50000), size: 643072 (result: 0), SymType: '-deferred-', PDB: '', fileVersion: 10.0.19041.3636
C:\Windows\System32\ucrtbase.dll:ucrtbase.dll (00007FFBD7CF0000), size: 1048576 (result: 0), SymType: '-deferred-', PDB: '', fileVersion: 10.0.19041.3636
C:\Windows\System32\IMM32.DLL:IMM32.DLL (00007FFBD8070000), size: 192512 (result: 0), SymType: '-deferred-', PDB: '', fileVersion: 10.0.19041.4474
D:\Program Files\Unity\Hub\Editor\6000.0.25f1\Editor\Unity.dll:Unity.dll (00007FFB37570000), size: 87052288 (result: 0), SymType: '-deferred-', PDB: '', fileVersion: 6000.0.25.22955
C:\Windows\System32\CRYPT32.dll:CRYPT32.dll (00007FFBD7DF0000), size: 1425408 (result: 0), SymType: '-deferred-', PDB: '', fileVersion: 10.0.19041.5072
C:\Windows\System32\ADVAPI32.dll:ADVAPI32.dll (00007FFBD9CD0000), size: 724992 (result: 0), SymType: '-deferred-', PDB: '', fileVersion: 10.0.19041.5072
D:\Program Files\Unity\Hub\Editor\6000.0.25f1\Editor\libfbxsdk.dll:libfbxsdk.dll (00007FFB8E1F0000), size: 8019968 (result: 0), SymType: '-deferred-', PDB: '', fileVersion: 2020.3.7.0
D:\Program Files\Unity\Hub\Editor\6000.0.25f1\Editor\s3tcompress.dll:s3tcompress.dll (00007FFBD3F00000), size: 180224 (result: 0), SymType: '-deferred-', PDB: ''
C:\Windows\System32\msvcrt.dll:msvcrt.dll (00007FFBD8BF0000), size: 647168 (result: 0), SymType: '-deferred-', PDB: '', fileVersion: 7.0.19041.3636
D:\Program Files\Unity\Hub\Editor\6000.0.25f1\Editor\etccompress.dll:etccompress.dll (00007FFB90F10000), size: 5070848 (result: 0), SymType: '-deferred-', PDB: ''
D:\Program Files\Unity\Hub\Editor\6000.0.25f1\Editor\ispc_texcomp.dll:ispc_texcomp.dll (00007FFB919D0000), size: 1826816 (result: 0), SymType: '-deferred-', PDB: ''
D:\Program Files\Unity\Hub\Editor\6000.0.25f1\Editor\compress_bc7e.dll:compress_bc7e.dll (00007FFB8F940000), size: 1433600 (result: 0), SymType: '-deferred-', PDB: ''
C:\Windows\System32\sechost.dll:sechost.dll (00007FFBD8B40000), size: 651264 (result: 0), SymType: '-deferred-', PDB: '', fileVersion: 10.0.19041.5072
D:\Program Files\Unity\Hub\Editor\6000.0.25f1\Editor\FreeImage.dll:FreeImage.dll (0000000180000000), size: 5783552 (result: 0), SymType: '-deferred-', PDB: '', fileVersion: 3.18.0.0
C:\Windows\System32\RPCRT4.dll:RPCRT4.dll (00007FFBD89E0000), size: 1191936 (result: 0), SymType: '-deferred-', PDB: '', fileVersion: 10.0.19041.4957
D:\Program Files\Unity\Hub\Editor\6000.0.25f1\Editor\WinPixEventRuntime.dll:WinPixEventRuntime.dll (00007FFBD3F40000), size: 53248 (result: 0), SymType: '-deferred-', PDB: '', fileVersion: 1.0.2201.24001
C:\Windows\System32\WS2_32.dll:WS2_32.dll (00007FFBD80A0000), size: 438272 (result: 0), SymType: '-deferred-', PDB: '', fileVersion: 10.0.19041.3636
D:\Program Files\Unity\Hub\Editor\6000.0.25f1\Editor\umbraoptimizer64.dll:umbraoptimizer64.dll (00007FFB8F810000), size: 1187840 (result: 0), SymType: '-deferred-', PDB: ''
C:\Windows\System32\bcrypt.dll:bcrypt.dll (00007FFBD7AB0000), size: 159744 (result: 0), SymType: '-deferred-', PDB: '', fileVersion: 10.0.19041.3636
C:\Windows\SYSTEM32\MSVCP140.dll:MSVCP140.dll (00007FFBC4CE0000), size: 577536 (result: 0), SymType: '-deferred-', PDB: '', fileVersion: 14.40.33810.0
C:\Windows\System32\ole32.dll:ole32.dll (00007FFBD9DF0000), size: 1224704 (result: 0), SymType: '-deferred-', PDB: '', fileVersion: 10.0.19041.4355
C:\Windows\SYSTEM32\VCRUNTIME140.dll:VCRUNTIME140.dll (00007FFBC4BA0000), size: 122880 (result: 0), SymType: '-deferred-', PDB: '', fileVersion: 14.40.33810.0
C:\Windows\System32\combase.dll:combase.dll (00007FFBD8DB0000), size: 3485696 (result: 0), SymType: '-deferred-', PDB: '', fileVersion: 10.0.19041.4717
C:\Windows\SYSTEM32\VCRUNTIME140_1.dll:VCRUNTIME140_1.dll (00007FFBC9BF0000), size: 49152 (result: 0), SymType: '-deferred-', PDB: '', fileVersion: 14.40.33810.0
C:\Windows\System32\SETUPAPI.dll:SETUPAPI.dll (00007FFBD97D0000), size: 4644864 (result: 0), SymType: '-deferred-', PDB: '', fileVersion: 10.0.19041.4355
C:\Windows\System32\cfgmgr32.dll:cfgmgr32.dll (00007FFBD7C00000), size: 319488 (result: 0), SymType: '-deferred-', PDB: '', fileVersion: 10.0.19041.3996
C:\Windows\System32\SHELL32.dll:SHELL32.dll (00007FFBD8110000), size: 7786496 (result: 0), SymType: '-deferred-', PDB: '', fileVersion: 10.0.19041.5198
C:\Windows\SYSTEM32\d3d11.dll:d3d11.dll (00007FFBD1C50000), size: 2502656 (result: 0), SymType: '-deferred-', PDB: '', fileVersion: 10.0.19041.4355
C:\Windows\SYSTEM32\d3d12.dll:d3d12.dll (00007FFBC2F10000), size: 151552 (result: 0), SymType: '-deferred-', PDB: '', fileVersion: 10.0.19041.4355
C:\Windows\SYSTEM32\dwmapi.dll:dwmapi.dll (00007FFBD4F30000), size: 192512 (result: 0), SymType: '-deferred-', PDB: '', fileVersion: 10.0.19041.4355
C:\Windows\System32\SHLWAPI.dll:SHLWAPI.dll (00007FFBD9420000), size: 348160 (result: 0), SymType: '-deferred-', PDB: '', fileVersion: 10.0.19041.4355
C:\Windows\SYSTEM32\dxgi.dll:dxgi.dll (00007FFBD5F80000), size: 1007616 (result: 0), SymType: '-deferred-', PDB: '', fileVersion: 10.0.19041.5198
C:\Windows\SYSTEM32\IPHLPAPI.DLL:IPHLPAPI.DLL (00007FFBD6B10000), size: 241664 (result: 0), SymType: '-deferred-', PDB: '', fileVersion: 10.0.19041.3636
C:\Windows\System32\OLEAUT32.dll:OLEAUT32.dll (00007FFBD9F40000), size: 839680 (result: 0), SymType: '-deferred-', PDB: '', fileVersion: 10.0.19041.3636
C:\Windows\SYSTEM32\HID.DLL:HID.DLL (00007FFBD5F00000), size: 53248 (result: 0), SymType: '-deferred-', PDB: '', fileVersion: 10.0.19041.3636
C:\Windows\System32\WINTRUST.dll:WINTRUST.dll (00007FFBD8000000), size: 430080 (result: 0), SymType: '-deferred-', PDB: '', fileVersion: 10.0.19041.4957
C:\Windows\SYSTEM32\kernel.appcore.dll:kernel.appcore.dll (00007FFBD5F10000), size: 73728 (result: 0), SymType: '-deferred-', PDB: '', fileVersion: 10.0.19041.3758
C:\Windows\SYSTEM32\OPENGL32.dll:OPENGL32.dll (00007FFB8F450000), size: 1212416 (result: 0), SymType: '-deferred-', PDB: '', fileVersion: 10.0.19041.5198
C:\Windows\SYSTEM32\WINHTTP.dll:WINHTTP.dll (00007FFBCED50000), size: 1101824 (result: 0), SymType: '-deferred-', PDB: '', fileVersion: 10.0.19041.4717
C:\Windows\SYSTEM32\WINMM.dll:WINMM.dll (00007FFBCCD50000), size: 159744 (result: 0), SymType: '-deferred-', PDB: '', fileVersion: 10.0.19041.3636
C:\Windows\SYSTEM32\GLU32.dll:GLU32.dll (00007FFBCDED0000), size: 180224 (result: 0), SymType: '-deferred-', PDB: '', fileVersion: 10.0.19041.3636
D:\Program Files\Unity\Hub\Editor\6000.0.25f1\Editor\SketchUpAPI.dll:SketchUpAPI.dll (00007FFB8D950000), size: 8990720 (result: 0), SymType: '-deferred-', PDB: '', fileVersion: 23.0.0.0
D:\Program Files\Unity\Hub\Editor\6000.0.25f1\Editor\NativeProxyHelper.dll:NativeProxyHelper.dll (00007FFB8D790000), size: 1789952 (result: 0), SymType: '-deferred-', PDB: ''
C:\Windows\SYSTEM32\VERSION.dll:VERSION.dll (00007FFBCF130000), size: 40960 (result: 0), SymType: '-deferred-', PDB: '', fileVersion: 10.0.19041.3636
C:\Windows\SYSTEM32\WSOCK32.dll:WSOCK32.dll (00007FFBBB3F0000), size: 36864 (result: 0), SymType: '-deferred-', PDB: '', fileVersion: 10.0.19041.1
D:\Program Files\Unity\Hub\Editor\6000.0.25f1\Editor\SketchUpCommonPreferences.dll:SketchUpCommonPreferences.dll (00007FFB9F580000), size: 499712 (result: 0), SymType: '-deferred-', PDB: '', fileVersion: 23.0.0.0
C:\Windows\SYSTEM32\Secur32.dll:Secur32.dll (00007FFBC4BC0000), size: 49152 (result: 0), SymType: '-deferred-', PDB: '', fileVersion: 10.0.19041.3636
C:\Windows\SYSTEM32\SSPICLI.DLL:SSPICLI.DLL (00007FFBD75A0000), size: 204800 (result: 0), SymType: '-deferred-', PDB: '', fileVersion: 10.0.19041.4239
D:\Program Files\Unity\Hub\Editor\6000.0.25f1\Editor\OpenRL.dll:OpenRL.dll (0000019B3F6A0000), size: 12779520 (result: 0), SymType: '-deferred-', PDB: '', fileVersion: 1.5.0.2907
C:\Windows\SYSTEM32\MSVCR100.dll:MSVCR100.dll (000000006AB20000), size: 860160 (result: 0), SymType: '-deferred-', PDB: '', fileVersion: 10.0.40219.325
C:\Windows\SYSTEM32\MSVCP100.dll:MSVCP100.dll (000000006AC00000), size: 622592 (result: 0), SymType: '-deferred-', PDB: '', fileVersion: 10.0.40219.325
D:\Program Files\Unity\Hub\Editor\6000.0.25f1\Editor\embree.dll:embree.dll (00007FFB884E0000), size: 16711680 (result: 0), SymType: '-deferred-', PDB: '', fileVersion: 2.14.0.0
C:\Windows\SYSTEM32\MSWSOCK.DLL:MSWSOCK.DLL (00007FFBD6E80000), size: 434176 (result: 0), SymType: '-deferred-', PDB: '', fileVersion: 10.0.19041.3636
D:\Program Files\Unity\Hub\Editor\6000.0.25f1\Editor\tbb.dll:tbb.dll (00007FFBA9CE0000), size: 303104 (result: 0), SymType: '-deferred-', PDB: '', fileVersion: 2020.3.2022.1111
D:\Program Files\Unity\Hub\Editor\6000.0.25f1\Editor\OpenRL_pthread.dll:OpenRL_pthread.dll (0000019B402F0000), size: 61440 (result: 0), SymType: '-deferred-', PDB: '', fileVersion: 2.9.0.0
C:\Windows\SYSTEM32\MSASN1.dll:MSASN1.dll (00007FFBD72B0000), size: 73728 (result: 0), SymType: '-deferred-', PDB: '', fileVersion: 10.0.19041.3636
C:\Windows\System32\bcryptprimitives.dll:bcryptprimitives.dll (00007FFBD79F0000), size: 532480 (result: 0), SymType: '-deferred-', PDB: '', fileVersion: 10.0.19041.5007
C:\Windows\system32\uxtheme.dll:uxtheme.dll (00007FFBD4D40000), size: 647168 (result: 0), SymType: '-deferred-', PDB: '', fileVersion: 10.0.19041.4529
C:\Windows\SYSTEM32\windows.storage.dll:windows.storage.dll (00007FFBD5750000), size: 8011776 (result: 0), SymType: '-deferred-', PDB: '', fileVersion: 10.0.19041.5247
C:\Windows\SYSTEM32\Wldp.dll:Wldp.dll (00007FFBD7120000), size: 188416 (result: 0), SymType: '-deferred-', PDB: '', fileVersion: 10.0.19041.4780
C:\Windows\System32\SHCORE.dll:SHCORE.dll (00007FFBD8880000), size: 708608 (result: 0), SymType: '-deferred-', PDB: '', fileVersion: 10.0.19041.4522
C:\Windows\SYSTEM32\profapi.dll:profapi.dll (00007FFBD7620000), size: 147456 (result: 0), SymType: '-deferred-', PDB: '', fileVersion: 10.0.19041.4355
C:\Windows\system32\IconCodecService.dll:IconCodecService.dll (00007FFBCA8C0000), size: 36864 (result: 0), SymType: '-deferred-', PDB: '', fileVersion: 10.0.19041.1
C:\Windows\SYSTEM32\WindowsCodecs.dll:WindowsCodecs.dll (00007FFBD4B80000), size: 1785856 (result: 0), SymType: '-deferred-', PDB: '', fileVersion: 10.0.19041.5129
C:\Windows\System32\clbcatq.dll:clbcatq.dll (00007FFBD8930000), size: 692224 (result: 0), SymType: '-deferred-', PDB: '', fileVersion: 2001.12.10941.16384
C:\Windows\System32\netprofm.dll:netprofm.dll (00007FFBD4450000), size: 258048 (result: 0), SymType: '-deferred-', PDB: '', fileVersion: 10.0.19041.4355
C:\Windows\System32\npmproxy.dll:npmproxy.dll (00007FFBCDEA0000), size: 65536 (result: 0), SymType: '-deferred-', PDB: '', fileVersion: 10.0.19041.4239
C:\Windows\System32\NSI.dll:NSI.dll (00007FFBD9110000), size: 32768 (result: 0), SymType: '-deferred-', PDB: '', fileVersion: 10.0.19041.3636
C:\Windows\SYSTEM32\dhcpcsvc6.DLL:dhcpcsvc6.DLL (00007FFBD0650000), size: 94208 (result: 0), SymType: '-deferred-', PDB: '', fileVersion: 10.0.19041.3636
C:\Windows\SYSTEM32\dhcpcsvc.DLL:dhcpcsvc.DLL (00007FFBD04B0000), size: 118784 (result: 0), SymType: '-deferred-', PDB: '', fileVersion: 10.0.19041.3636
C:\Windows\SYSTEM32\DNSAPI.dll:DNSAPI.dll (00007FFBD6B60000), size: 827392 (result: 0), SymType: '-deferred-', PDB: '', fileVersion: 10.0.19041.4474
C:\Windows\system32\napinsp.dll:napinsp.dll (00007FFBAF050000), size: 94208 (result: 0), SymType: '-deferred-', PDB: '', fileVersion: 10.0.19041.3636
C:\Windows\system32\pnrpnsp.dll:pnrpnsp.dll (00007FFBAF030000), size: 110592 (result: 0), SymType: '-deferred-', PDB: '', fileVersion: 10.0.19041.3636
C:\Windows\system32\wshbth.dll:wshbth.dll (00007FFBD3C00000), size: 86016 (result: 0), SymType: '-deferred-', PDB: '', fileVersion: 10.0.19041.3636
C:\Windows\system32\NLAapi.dll:NLAapi.dll (00007FFBD3C20000), size: 118784 (result: 0), SymType: '-deferred-', PDB: '', fileVersion: 10.0.19041.4123
C:\Windows\System32\winrnr.dll:winrnr.dll (00007FFBAF000000), size: 73728 (result: 0), SymType: '-deferred-', PDB: '', fileVersion: 10.0.19041.3636
C:\Windows\System32\fwpuclnt.dll:fwpuclnt.dll (00007FFBCCDA0000), size: 524288 (result: 0), SymType: '-deferred-', PDB: '', fileVersion: 10.0.19041.4957
C:\Windows\System32\rasadhlp.dll:rasadhlp.dll (00007FFBD02D0000), size: 40960 (result: 0), SymType: '-deferred-', PDB: '', fileVersion: 10.0.19041.3636
C:\Windows\SYSTEM32\dbghelp.dll:dbghelp.dll (00007FFBD53F0000), size: 1982464 (result: 0), SymType: '-deferred-', PDB: '', fileVersion: 10.0.19041.3636
D:\Program Files\Unity\Hub\Editor\6000.0.25f1\Editor\AMDUnityPlugin.DLL:AMDUnityPlugin.DLL (00007FFB8BFF0000), size: 8814592 (result: 0), SymType: '-deferred-', PDB: ''
D:\Program Files\Unity\Hub\Editor\6000.0.25f1\Editor\NVUnityPlugin.DLL:NVUnityPlugin.DLL (00007FFB8D600000), size: 1609728 (result: 0), SymType: '-deferred-', PDB: ''

========== OUTPUTTING STACK TRACE ==================

SymInit: Symbol-SearchPath: 'D:/Program Files/Unity/Hub/Editor/6000.0.25f1/Editor/Data/Mono;.;D:\UnityProjects\FPS_roguelike;D:\UnityProjects\FPS_roguelike\Library\BurstCache\JIT;D:\Program Files\Unity\Hub\Editor\6000.0.25f1\Editor;C:\Windows;C:\Windows\system32;', symOptions: 534, UserName: 'Leon'
OS-Version: 10.0.0
D:\Program Files\Unity\Hub\Editor\6000.0.25f1\Editor\Unity.exe:Unity.exe (00007FF683970000), size: 299008 (result: 0), SymType: 'PDB', PDB: 'D:\Program Files\Unity\Hub\Editor\6000.0.25f1\Editor\Unity_exe_x64.pdb', fileVersion: 6000.0.25.22955
C:\Windows\SYSTEM32\ntdll.dll:ntdll.dll (00007FFBDA050000), size: 2064384 (result: 0), SymType: '-exported-', PDB: 'C:\Windows\SYSTEM32\ntdll.dll', fileVersion: 10.0.19041.5007
C:\Windows\System32\KERNEL32.DLL:KERNEL32.DLL (00007FFBD9700000), size: 794624 (result: 0), SymType: '-exported-', PDB: 'C:\Windows\System32\KERNEL32.DLL', fileVersion: 10.0.19041.5198
C:\Windows\System32\KERNELBASE.dll:KERNELBASE.dll (00007FFBD76F0000), size: 3137536 (result: 0), SymType: '-nosymbols-', PDB: 'C:\Windows\System32\KERNELBASE.dll', fileVersion: 10.0.19041.5198
C:\Windows\System32\USER32.dll:USER32.dll (00007FFBD9480000), size: 1691648 (result: 0), SymType: '-exported-', PDB: 'C:\Windows\System32\USER32.dll', fileVersion: 10.0.19041.4717
C:\Windows\System32\win32u.dll:win32u.dll (00007FFBD7A80000), size: 139264 (result: 0), SymType: '-exported-', PDB: 'C:\Windows\System32\win32u.dll', fileVersion: 10.0.19041.5247
C:\Windows\System32\GDI32.dll:GDI32.dll (00007FFBD8B10000), size: 176128 (result: 0), SymType: '-exported-', PDB: 'C:\Windows\System32\GDI32.dll', fileVersion: 10.0.19041.4474
C:\Windows\System32\gdi32full.dll:gdi32full.dll (00007FFBD7AE0000), size: 1142784 (result: 0), SymType: '-exported-', PDB: 'C:\Windows\System32\gdi32full.dll', fileVersion: 10.0.19041.4957
C:\Windows\System32\msvcp_win.dll:msvcp_win.dll (00007FFBD7C50000), size: 643072 (result: 0), SymType: '-exported-', PDB: 'C:\Windows\System32\msvcp_win.dll', fileVersion: 10.0.19041.3636
C:\Windows\System32\ucrtbase.dll:ucrtbase.dll (00007FFBD7CF0000), size: 1048576 (result: 0), SymType: '-nosymbols-', PDB: 'C:\Windows\System32\ucrtbase.dll', fileVersion: 10.0.19041.3636
C:\Windows\System32\IMM32.DLL:IMM32.DLL (00007FFBD8070000), size: 192512 (result: 0), SymType: '-exported-', PDB: 'C:\Windows\System32\IMM32.DLL', fileVersion: 10.0.19041.4474
D:\Program Files\Unity\Hub\Editor\6000.0.25f1\Editor\Unity.dll:Unity.dll (00007FFB37570000), size: 87052288 (result: -529697949), SymType: '-deferred-', PDB: '', fileVersion: 6000.0.25.22955
C:\Windows\System32\CRYPT32.dll:CRYPT32.dll (00007FFBD7DF0000), size: 1425408 (result: 0), SymType: '-exported-', PDB: 'C:\Windows\System32\CRYPT32.dll', fileVersion: 10.0.19041.5072
C:\Windows\System32\ADVAPI32.dll:ADVAPI32.dll (00007FFBD9CD0000), size: 724992 (result: 0), SymType: '-nosymbols-', PDB: 'C:\Windows\System32\ADVAPI32.dll', fileVersion: 10.0.19041.5072
D:\Program Files\Unity\Hub\Editor\6000.0.25f1\Editor\libfbxsdk.dll:libfbxsdk.dll (00007FFB8E1F0000), size: 8019968 (result: 0), SymType: '-nosymbols-', PDB: 'D:\Program Files\Unity\Hub\Editor\6000.0.25f1\Editor\libfbxsdk.dll', fileVersion: 2020.3.7.0
D:\Program Files\Unity\Hub\Editor\6000.0.25f1\Editor\s3tcompress.dll:s3tcompress.dll (00007FFBD3F00000), size: 180224 (result: 0), SymType: '-exported-', PDB: 'D:\Program Files\Unity\Hub\Editor\6000.0.25f1\Editor\s3tcompress.dll'
C:\Windows\System32\msvcrt.dll:msvcrt.dll (00007FFBD8BF0000), size: 647168 (result: 0), SymType: '-nosymbols-', PDB: 'C:\Windows\System32\msvcrt.dll', fileVersion: 7.0.19041.3636
D:\Program Files\Unity\Hub\Editor\6000.0.25f1\Editor\etccompress.dll:etccompress.dll (00007FFB90F10000), size: 5070848 (result: 0), SymType: '-exported-', PDB: 'D:\Program Files\Unity\Hub\Editor\6000.0.25f1\Editor\etccompress.dll'
D:\Program Files\Unity\Hub\Editor\6000.0.25f1\Editor\ispc_texcomp.dll:ispc_texcomp.dll (00007FFB919D0000), size: 1826816 (result: 0), SymType: '-nosymbols-', PDB: 'D:\Program Files\Unity\Hub\Editor\6000.0.25f1\Editor\ispc_texcomp.dll'
D:\Program Files\Unity\Hub\Editor\6000.0.25f1\Editor\compress_bc7e.dll:compress_bc7e.dll (00007FFB8F940000), size: 1433600 (result: 0), SymType: '-exported-', PDB: 'D:\Program Files\Unity\Hub\Editor\6000.0.25f1\Editor\compress_bc7e.dll'
C:\Windows\System32\sechost.dll:sechost.dll (00007FFBD8B40000), size: 651264 (result: 0), SymType: '-nosymbols-', PDB: 'C:\Windows\System32\sechost.dll', fileVersion: 10.0.19041.5072
D:\Program Files\Unity\Hub\Editor\6000.0.25f1\Editor\FreeImage.dll:FreeImage.dll (0000000180000000), size: 5783552 (result: 0), SymType: '-nosymbols-', PDB: 'D:\Program Files\Unity\Hub\Editor\6000.0.25f1\Editor\FreeImage.dll', fileVersion: 3.18.0.0
C:\Windows\System32\RPCRT4.dll:RPCRT4.dll (00007FFBD89E0000), size: 1191936 (result: 0), SymType: '-nosymbols-', PDB: 'C:\Windows\System32\RPCRT4.dll', fileVersion: 10.0.19041.4957
D:\Program Files\Unity\Hub\Editor\6000.0.25f1\Editor\WinPixEventRuntime.dll:WinPixEventRuntime.dll (00007FFBD3F40000), size: 53248 (result: 0), SymType: '-exported-', PDB: 'D:\Program Files\Unity\Hub\Editor\6000.0.25f1\Editor\WinPixEventRuntime.dll', fileVersion: 1.0.2201.24001
C:\Windows\System32\WS2_32.dll:WS2_32.dll (00007FFBD80A0000), size: 438272 (result: 0), SymType: '-nosymbols-', PDB: 'C:\Windows\System32\WS2_32.dll', fileVersion: 10.0.19041.3636
D:\Program Files\Unity\Hub\Editor\6000.0.25f1\Editor\umbraoptimizer64.dll:umbraoptimizer64.dll (00007FFB8F810000), size: 1187840 (result: 0), SymType: '-nosymbols-', PDB: 'D:\Program Files\Unity\Hub\Editor\6000.0.25f1\Editor\umbraoptimizer64.dll'
C:\Windows\System32\bcrypt.dll:bcrypt.dll (00007FFBD7AB0000), size: 159744 (result: 0), SymType: '-nosymbols-', PDB: 'C:\Windows\System32\bcrypt.dll', fileVersion: 10.0.19041.3636
C:\Windows\SYSTEM32\MSVCP140.dll:MSVCP140.dll (00007FFBC4CE0000), size: 577536 (result: 0), SymType: '-nosymbols-', PDB: 'C:\Windows\SYSTEM32\MSVCP140.dll', fileVersion: 14.40.33810.0
C:\Windows\System32\ole32.dll:ole32.dll (00007FFBD9DF0000), size: 1224704 (result: 0), SymType: '-nosymbols-', PDB: 'C:\Windows\System32\ole32.dll', fileVersion: 10.0.19041.4355
C:\Windows\SYSTEM32\VCRUNTIME140.dll:VCRUNTIME140.dll (00007FFBC4BA0000), size: 122880 (result: 0), SymType: '-nosymbols-', PDB: 'C:\Windows\SYSTEM32\VCRUNTIME140.dll', fileVersion: 14.40.33810.0
C:\Windows\System32\combase.dll:combase.dll (00007FFBD8DB0000), size: 3485696 (result: 0), SymType: '-nosymbols-', PDB: 'C:\Windows\System32\combase.dll', fileVersion: 10.0.19041.4717
  ERROR: SymGetSymFromAddr64, GetLastError: 'Unknown error [-529697949]' (Address: 00007FFB37D248EE)
0x00007FFB37D248EE (Unity) (function-name not available)
  ERROR: SymGetSymFromAddr64, GetLastError: 'Unknown error [-529697949]' (Address: 00007FFB37D2010B)
0x00007FFB37D2010B (Unity) (function-name not available)
  ERROR: SymGetSymFromAddr64, GetLastError: 'Unknown error [-529697949]' (Address: 00007FFB37D1EA73)
0x00007FFB37D1EA73 (Unity) (function-name not available)
  ERROR: SymGetSymFromAddr64, GetLastError: 'Unknown error [-529697949]' (Address: 00007FFB37D1F1CD)
0x00007FFB37D1F1CD (Unity) (function-name not available)
  ERROR: SymGetSymFromAddr64, GetLastError: 'Unknown error [-529697949]' (Address: 00007FFB37D1E26B)
0x00007FFB37D1E26B (Unity) (function-name not available)
  ERROR: SymGetSymFromAddr64, GetLastError: 'Unknown error [-529697949]' (Address: 00007FFB3818D5B3)
0x00007FFB3818D5B3 (Unity) (function-name not available)
  ERROR: SymGetSymFromAddr64, GetLastError: 'Unknown error [-529697949]' (Address: 00007FFB381905A9)
0x00007FFB381905A9 (Unity) (function-name not available)
  ERROR: SymGetSymFromAddr64, GetLastError: 'Unknown error [-529697949]' (Address: 00007FFB3816A748)
0x00007FFB3816A748 (Unity) (function-name not available)
  ERROR: SymGetSymFromAddr64, GetLastError: 'Unknown error [-529697949]' (Address: 00007FFB382B0C60)
0x00007FFB382B0C60 (Unity) (function-name not available)
0x00007FFBD9717374 (KERNEL32) BaseThreadInitThunk
0x00007FFBDA09CC91 (ntdll) RtlUserThreadStart

========== END OF STACKTRACE ===========

A crash has been intercepted by the crash handler. For call stack and other details, see the latest crash report generated in:
 * C:/Users/Lenovo/AppData/Local/Temp/Unity/Editor/Crashes
